{"logTime": "0412/182011", "correlationVector":"1eLvbDIz/cFqIEUNVNtP3/","action":"SyncServerConnectionManagerRequest", "result":"CONNECTION_UNAVAILABLE", "context":{"error_type":"net_error_code", "error_value":"-101"}}
{"logTime": "0412/182011", "correlationVector":"2omD6Ei9uFUBZzKOdk5jvJ.1","action":"SyncServerConnectionManagerRequest", "result":"SYNC_SERVER_ERROR", "context":{"environment":"", "error_type":"http_status_code", "error_value":"400", "migrationStage":"", "server":""}}
{"logTime": "0412/182013", "correlationVector":"hvXu99lCV5yqGMeStEgsZv.1","action":"SyncServerConnectionManagerRequest", "result":"SYNC_SERVER_OK", "context":{"environment":"Prod_germanywestcentral_prod-s01-010-eur-germanywestcentral", "migrationStage":"NotStarted", "server":"akswtt00000000n"}}
{"logTime": "0412/182013", "correlationVector":"hvXu99lCV5yqGMeStEgsZv.2","action":"ProcessGetUpdates", "result":"Done", "context":{"dataType":"Encryption Keys", "deleted":"0", "process_failed_to_decrypt":"0", "process_pending_decryption":"0", "process_success":"1", "total":"1"}}
{"logTime": "0412/182013", "correlationVector":"7843QiRBniarj1jNsGss8E","action":"SyncServerConnectionManagerRequest", "result":"SYNC_SERVER_ERROR", "context":{"environment":"", "error_type":"http_status_code", "error_value":"400", "migrationStage":"", "server":""}}
{"logTime": "0412/182013", "correlationVector":"1eLvbDIz/cFqIEUNVNtP3/","action":"Initial GetUpdates", "result":"", "context":Reason: NEW_CLIENT. cV=1eLvbDIz/cFqIEUNVNtP3/}
{"logTime": "0412/182013", "correlationVector":"2omD6Ei9uFUBZzKOdk5jvJ.0","action":"GetUpdates Response", "result":"Network error (ERR_CONNECTION_RESET)", "context":Received error: Network error (ERR_CONNECTION_RESET). }
{"logTime": "0412/182013", "correlationVector":"hvXu99lCV5yqGMeStEgsZv","action":"Initial GetUpdates", "result":"", "context":Reason: NEW_CLIENT. cV=hvXu99lCV5yqGMeStEgsZv}
{"logTime": "0412/182013", "correlationVector":"hvXu99lCV5yqGMeStEgsZv.3","action":"GetUpdates Response", "result":"Success", "context":Received 1 update(s). cV=hvXu99lCV5yqGMeStEgsZv.0;server=akswtt00000000n;cloudType=Consumer;environment=Prod_germanywestcentral_prod-s01-010-eur-germanywestcentral;migrationStage=NotStarted}
{"logTime": "0412/182013", "correlationVector":"aR0TK8NeIST1zsiLWkCs4S","action":"Initial GetUpdates", "result":"", "context":Reason: NEW_CLIENT. cV=aR0TK8NeIST1zsiLWkCs4S}
{"logTime": "0412/182014", "correlationVector":"aR0TK8NeIST1zsiLWkCs4S.1","action":"SyncServerConnectionManagerRequest", "result":"SYNC_SERVER_OK", "context":{"environment":"Prod_germanywestcentral_prod-s01-010-eur-germanywestcentral", "migrationStage":"NotStarted", "server":"akswtt00000000h"}}
{"logTime": "0412/182014", "correlationVector":"aR0TK8NeIST1zsiLWkCs4S.2","action":"ProcessGetUpdates", "result":"Done", "context":{"dataType":"Preferences", "deleted":"0", "process_failed_to_decrypt":"0", "process_pending_decryption":"0", "process_success":"123", "total":"123"}}
{"logTime": "0412/182014", "correlationVector":"aR0TK8NeIST1zsiLWkCs4S.3","action":"ProcessGetUpdates", "result":"Done", "context":{"dataType":"Device Info", "deleted":"0", "process_failed_to_decrypt":"0", "process_pending_decryption":"0", "process_success":"20", "total":"20"}}
{"logTime": "0412/182014", "correlationVector":"aR0TK8NeIST1zsiLWkCs4S.4","action":"GetUpdates Response", "result":"Success", "context":Received 143 update(s). cV=aR0TK8NeIST1zsiLWkCs4S.0;server=akswtt00000000h;cloudType=Consumer;environment=Prod_germanywestcentral_prod-s01-010-eur-germanywestcentral;migrationStage=NotStarted}
{"logTime": "0412/182014", "correlationVector":"LXRKVLYNAucp+1vKcflAdN","action":"SyncServerConnectionManagerRequest", "result":"SYNC_SERVER_ERROR", "context":{"environment":"", "error_type":"http_status_code", "error_value":"400", "migrationStage":"", "server":""}}
{"logTime": "0412/182014", "correlationVector":"Q3qn76WOSs4jzGTULmugA+","action":"Initial GetUpdates", "result":"", "context":Reason: NEW_CLIENT. cV=Q3qn76WOSs4jzGTULmugA+}
{"logTime": "0412/182014", "correlationVector":"Q3qn76WOSs4jzGTULmugA+.1","action":"SyncServerConnectionManagerRequest", "result":"SYNC_SERVER_OK", "context":{"environment":"Prod_germanywestcentral_prod-s01-010-eur-germanywestcentral", "migrationStage":"NotStarted", "server":"akswtt000000002"}}
{"logTime": "0412/182014", "correlationVector":"Q3qn76WOSs4jzGTULmugA+.2","action":"ProcessGetUpdates", "result":"Done", "context":{"dataType":"Bookmarks", "deleted":"0", "process_failed_to_decrypt":"0", "process_pending_decryption":"0", "process_success":"253", "total":"253"}}
{"logTime": "0412/182014", "correlationVector":"Q3qn76WOSs4jzGTULmugA+.3","action":"GetUpdates Response", "result":"Success", "context":Received 253 update(s). cV=Q3qn76WOSs4jzGTULmugA+.0;server=akswtt000000002;cloudType=Consumer;environment=Prod_germanywestcentral_prod-s01-010-eur-germanywestcentral;migrationStage=NotStarted Some updates remain.}
{"logTime": "0412/182014", "correlationVector":"OQiExQPM2wuSNWCTrYepwY","action":"Initial GetUpdates", "result":"", "context":Reason: NEW_CLIENT. cV=OQiExQPM2wuSNWCTrYepwY}
{"logTime": "0412/182015", "correlationVector":"OQiExQPM2wuSNWCTrYepwY.1","action":"SyncServerConnectionManagerRequest", "result":"SYNC_SERVER_OK", "context":{"environment":"Prod_germanywestcentral_prod-s01-010-eur-germanywestcentral", "migrationStage":"NotStarted", "server":"akswtt00000000c"}}
{"logTime": "0412/182015", "correlationVector":"OQiExQPM2wuSNWCTrYepwY.2","action":"ProcessGetUpdates", "result":"Done", "context":{"dataType":"Bookmarks", "deleted":"0", "process_failed_to_decrypt":"0", "process_pending_decryption":"0", "process_success":"255", "total":"255"}}
{"logTime": "0412/182015", "correlationVector":"OQiExQPM2wuSNWCTrYepwY.3","action":"GetUpdates Response", "result":"Success", "context":Received 255 update(s). cV=OQiExQPM2wuSNWCTrYepwY.0;server=akswtt00000000c;cloudType=Consumer;environment=Prod_germanywestcentral_prod-s01-010-eur-germanywestcentral;migrationStage=NotStarted Some updates remain.}
{"logTime": "0412/182015", "correlationVector":"pxophUtg4HPkUN5RsKBXZZ","action":"Initial GetUpdates", "result":"", "context":Reason: NEW_CLIENT. cV=pxophUtg4HPkUN5RsKBXZZ}
{"logTime": "0412/182015", "correlationVector":"pxophUtg4HPkUN5RsKBXZZ.1","action":"SyncServerConnectionManagerRequest", "result":"SYNC_SERVER_OK", "context":{"environment":"Prod_germanywestcentral_prod-s01-010-eur-germanywestcentral", "migrationStage":"NotStarted", "server":"akswtt00000000i"}}
{"logTime": "0412/182015", "correlationVector":"pxophUtg4HPkUN5RsKBXZZ.2","action":"ProcessGetUpdates", "result":"Done", "context":{"dataType":"Bookmarks", "deleted":"0", "process_failed_to_decrypt":"0", "process_pending_decryption":"0", "process_success":"250", "total":"250"}}
{"logTime": "0412/182015", "correlationVector":"pxophUtg4HPkUN5RsKBXZZ.3","action":"GetUpdates Response", "result":"Success", "context":Received 250 update(s). cV=pxophUtg4HPkUN5RsKBXZZ.0;server=akswtt00000000i;cloudType=Consumer;environment=Prod_germanywestcentral_prod-s01-010-eur-germanywestcentral;migrationStage=NotStarted Some updates remain.}
{"logTime": "0412/182015", "correlationVector":"ock7XfV9Q09kx2noB6j2np","action":"Initial GetUpdates", "result":"", "context":Reason: NEW_CLIENT. cV=ock7XfV9Q09kx2noB6j2np}
{"logTime": "0412/182016", "correlationVector":"ock7XfV9Q09kx2noB6j2np.1","action":"SyncServerConnectionManagerRequest", "result":"SYNC_SERVER_OK", "context":{"environment":"Prod_germanywestcentral_prod-s01-010-eur-germanywestcentral", "migrationStage":"NotStarted", "server":"akswtt00000000h"}}
{"logTime": "0412/182016", "correlationVector":"ock7XfV9Q09kx2noB6j2np.2","action":"ProcessGetUpdates", "result":"Done", "context":{"dataType":"Bookmarks", "deleted":"0", "process_failed_to_decrypt":"0", "process_pending_decryption":"0", "process_success":"250", "total":"250"}}
{"logTime": "0412/182016", "correlationVector":"ock7XfV9Q09kx2noB6j2np.3","action":"GetUpdates Response", "result":"Success", "context":Received 250 update(s). cV=ock7XfV9Q09kx2noB6j2np.0;server=akswtt00000000h;cloudType=Consumer;environment=Prod_germanywestcentral_prod-s01-010-eur-germanywestcentral;migrationStage=NotStarted Some updates remain.}
{"logTime": "0412/182016", "correlationVector":"0fQwn67YFR9YbAoa9fdM/G","action":"Initial GetUpdates", "result":"", "context":Reason: NEW_CLIENT. cV=0fQwn67YFR9YbAoa9fdM/G}
{"logTime": "0412/182016", "correlationVector":"0fQwn67YFR9YbAoa9fdM/G.1","action":"SyncServerConnectionManagerRequest", "result":"SYNC_SERVER_OK", "context":{"environment":"Prod_germanywestcentral_prod-s01-010-eur-germanywestcentral", "migrationStage":"NotStarted", "server":"akswtt00000000i"}}
{"logTime": "0412/182016", "correlationVector":"0fQwn67YFR9YbAoa9fdM/G.2","action":"ProcessGetUpdates", "result":"Done", "context":{"dataType":"Bookmarks", "deleted":"0", "process_failed_to_decrypt":"0", "process_pending_decryption":"0", "process_success":"250", "total":"250"}}
{"logTime": "0412/182016", "correlationVector":"0fQwn67YFR9YbAoa9fdM/G.3","action":"GetUpdates Response", "result":"Success", "context":Received 250 update(s). cV=0fQwn67YFR9YbAoa9fdM/G.0;server=akswtt00000000i;cloudType=Consumer;environment=Prod_germanywestcentral_prod-s01-010-eur-germanywestcentral;migrationStage=NotStarted Some updates remain.}
{"logTime": "0412/182016", "correlationVector":"DYuhOyzqtCvxj299uogPEk","action":"Initial GetUpdates", "result":"", "context":Reason: NEW_CLIENT. cV=DYuhOyzqtCvxj299uogPEk}
{"logTime": "0412/182017", "correlationVector":"DYuhOyzqtCvxj299uogPEk.1","action":"SyncServerConnectionManagerRequest", "result":"SYNC_SERVER_OK", "context":{"environment":"Prod_germanywestcentral_prod-s01-010-eur-germanywestcentral", "migrationStage":"NotStarted", "server":"akswtt000000015"}}
{"logTime": "0412/182017", "correlationVector":"DYuhOyzqtCvxj299uogPEk.2","action":"ProcessGetUpdates", "result":"Done", "context":{"dataType":"Bookmarks", "deleted":"0", "process_failed_to_decrypt":"0", "process_pending_decryption":"0", "process_success":"250", "total":"250"}}
{"logTime": "0412/182017", "correlationVector":"DYuhOyzqtCvxj299uogPEk.3","action":"GetUpdates Response", "result":"Success", "context":Received 250 update(s). cV=DYuhOyzqtCvxj299uogPEk.0;server=akswtt000000015;cloudType=Consumer;environment=Prod_germanywestcentral_prod-s01-010-eur-germanywestcentral;migrationStage=NotStarted Some updates remain.}
{"logTime": "0412/182017", "correlationVector":"TcjamTKEsQQjazFIWXseie","action":"Initial GetUpdates", "result":"", "context":Reason: NEW_CLIENT. cV=TcjamTKEsQQjazFIWXseie}
{"logTime": "0412/182018", "correlationVector":"TcjamTKEsQQjazFIWXseie.1","action":"SyncServerConnectionManagerRequest", "result":"SYNC_SERVER_OK", "context":{"environment":"Prod_germanywestcentral_prod-s01-010-eur-germanywestcentral", "migrationStage":"NotStarted", "server":"akswtt000000002"}}
{"logTime": "0412/182018", "correlationVector":"TcjamTKEsQQjazFIWXseie.2","action":"ProcessGetUpdates", "result":"Done", "context":{"dataType":"Bookmarks", "deleted":"0", "process_failed_to_decrypt":"0", "process_pending_decryption":"0", "process_success":"250", "total":"250"}}
{"logTime": "0412/182018", "correlationVector":"TcjamTKEsQQjazFIWXseie.3","action":"GetUpdates Response", "result":"Success", "context":Received 250 update(s). cV=TcjamTKEsQQjazFIWXseie.0;server=akswtt000000002;cloudType=Consumer;environment=Prod_germanywestcentral_prod-s01-010-eur-germanywestcentral;migrationStage=NotStarted Some updates remain.}
{"logTime": "0412/182018", "correlationVector":"jLYsXurC9lZgq4pAFCoSNH","action":"Initial GetUpdates", "result":"", "context":Reason: NEW_CLIENT. cV=jLYsXurC9lZgq4pAFCoSNH}
{"logTime": "0412/182018", "correlationVector":"jLYsXurC9lZgq4pAFCoSNH.1","action":"SyncServerConnectionManagerRequest", "result":"SYNC_SERVER_OK", "context":{"environment":"Prod_germanywestcentral_prod-s01-010-eur-germanywestcentral", "migrationStage":"NotStarted", "server":"akswtt000000002"}}
{"logTime": "0412/182018", "correlationVector":"jLYsXurC9lZgq4pAFCoSNH.2","action":"ProcessGetUpdates", "result":"Done", "context":{"dataType":"Bookmarks", "deleted":"0", "process_failed_to_decrypt":"0", "process_pending_decryption":"0", "process_success":"212", "total":"212"}}
{"logTime": "0412/182018", "correlationVector":"jLYsXurC9lZgq4pAFCoSNH.3","action":"GetUpdates Response", "result":"Success", "context":Received 212 update(s). cV=jLYsXurC9lZgq4pAFCoSNH.0;server=akswtt000000002;cloudType=Consumer;environment=Prod_germanywestcentral_prod-s01-010-eur-germanywestcentral;migrationStage=NotStarted}
{"logTime": "0412/182020", "correlationVector":"ZZXzrl8e3fZl47RXiAtkUJ","action":"SyncServerConnectionManagerRequest", "result":"SYNC_SERVER_ERROR", "context":{"environment":"", "error_type":"http_status_code", "error_value":"400", "migrationStage":"", "server":""}}
{"logTime": "0412/182020", "correlationVector":"OUFjJD5BpN8HQcfC9wXxEq","action":"Initial GetUpdates", "result":"", "context":Reason: NEW_CLIENT. cV=OUFjJD5BpN8HQcfC9wXxEq}
{"logTime": "0412/182021", "correlationVector":"OUFjJD5BpN8HQcfC9wXxEq.1","action":"SyncServerConnectionManagerRequest", "result":"SYNC_SERVER_OK", "context":{"environment":"Prod_germanywestcentral_prod-s01-010-eur-germanywestcentral", "migrationStage":"NotStarted", "server":"akswtt00000000i"}}
{"logTime": "0412/182021", "correlationVector":"OUFjJD5BpN8HQcfC9wXxEq.2","action":"ProcessGetUpdates", "result":"Done", "context":{"dataType":"Extensions", "deleted":"0", "process_failed_to_decrypt":"0", "process_pending_decryption":"0", "process_success":"36", "total":"36"}}
{"logTime": "0412/182021", "correlationVector":"OUFjJD5BpN8HQcfC9wXxEq.3","action":"ProcessGetUpdates", "result":"Done", "context":{"dataType":"Sessions", "deleted":"0", "process_failed_to_decrypt":"0", "process_pending_decryption":"0", "process_success":"1", "total":"1"}}
{"logTime": "0412/182021", "correlationVector":"OUFjJD5BpN8HQcfC9wXxEq.4","action":"ProcessGetUpdates", "result":"Done", "context":{"dataType":"Extension settings", "deleted":"0", "process_failed_to_decrypt":"0", "process_pending_decryption":"0", "process_success":"28", "total":"28"}}
{"logTime": "0412/182021", "correlationVector":"OUFjJD5BpN8HQcfC9wXxEq.5","action":"ProcessGetUpdates", "result":"Done", "context":{"dataType":"Web Apps", "deleted":"0", "process_failed_to_decrypt":"0", "process_pending_decryption":"0", "process_success":"2", "total":"2"}}
{"logTime": "0412/182021", "correlationVector":"OUFjJD5BpN8HQcfC9wXxEq.6","action":"ProcessGetUpdates", "result":"Done", "context":{"dataType":"Edge Hub App Usage", "deleted":"0", "process_failed_to_decrypt":"0", "process_pending_decryption":"0", "process_success":"2", "total":"2"}}
{"logTime": "0412/182021", "correlationVector":"OUFjJD5BpN8HQcfC9wXxEq.7","action":"GetUpdates Response", "result":"Success", "context":Received 69 update(s). cV=OUFjJD5BpN8HQcfC9wXxEq.0;server=akswtt00000000i;cloudType=Consumer;environment=Prod_germanywestcentral_prod-s01-010-eur-germanywestcentral;migrationStage=NotStarted}
{"logTime": "0412/182021", "correlationVector":"Q/OOLbuudeA89mrlsVXXlJ","action":"SyncServerConnectionManagerRequest", "result":"SYNC_SERVER_ERROR", "context":{"environment":"", "error_type":"http_status_code", "error_value":"400", "migrationStage":"", "server":""}}
{"logTime": "0412/182021", "correlationVector":"C1NSWrep+5UxyZF5wAb1vY","action":"Initial GetUpdates", "result":"", "context":Reason: NEW_CLIENT. cV=C1NSWrep+5UxyZF5wAb1vY}
{"logTime": "0412/182021", "correlationVector":"C1NSWrep+5UxyZF5wAb1vY.1","action":"SyncServerConnectionManagerRequest", "result":"SYNC_SERVER_OK", "context":{"environment":"Prod_germanywestcentral_prod-s01-010-eur-germanywestcentral", "migrationStage":"NotStarted", "server":"akswtt000000002"}}
{"logTime": "0412/182021", "correlationVector":"C1NSWrep+5UxyZF5wAb1vY.2","action":"ProcessGetUpdates", "result":"Done", "context":{"dataType":"History", "deleted":"0", "process_failed_to_decrypt":"0", "process_pending_decryption":"0", "process_success":"14", "total":"14"}}
{"logTime": "0412/182021", "correlationVector":"C1NSWrep+5UxyZF5wAb1vY.3","action":"GetUpdates Response", "result":"Success", "context":Received 14 update(s). cV=C1NSWrep+5UxyZF5wAb1vY.0;server=akswtt000000002;cloudType=Consumer;environment=Prod_germanywestcentral_prod-s01-010-eur-germanywestcentral;migrationStage=NotStarted}
{"logTime": "0412/182021", "correlationVector":"p3MVa4TLO9GfIw1GxOav26","action":"SyncServerConnectionManagerRequest", "result":"SYNC_SERVER_ERROR", "context":{"environment":"", "error_type":"http_status_code", "error_value":"400", "migrationStage":"", "server":""}}
{"logTime": "0412/182021", "correlationVector":"3CD3/nEqTrPUzsk5owxnO1","action":"Normal GetUpdate request", "result":"", "context":cV=3CD3/nEqTrPUzsk5owxnO1
Nudged types: Bookmarks, Sessions, Device Info, User Consents
Refresh requested types: Bookmarks, Preferences, Extensions, Sessions, Extension settings, History Delete Directives, Device Info, User Consents, Send Tab To Self, Web Apps, History, Saved Tab Group, WebAuthn Credentials, Collection, Edge E Drop, Edge Hub App Usage, Edge Wallet, Edge Workspace, Encryption Keys}
{"logTime": "0412/182022", "correlationVector":"3CD3/nEqTrPUzsk5owxnO1.1","action":"SyncServerConnectionManagerRequest", "result":"SYNC_SERVER_OK", "context":{"environment":"Prod_germanywestcentral_prod-s01-010-eur-germanywestcentral", "migrationStage":"NotStarted", "server":"akswtt000000009"}}
{"logTime": "0412/182022", "correlationVector":"3CD3/nEqTrPUzsk5owxnO1.2","action":"ProcessGetUpdates", "result":"Done", "context":{"dataType":"Sessions", "deleted":"1", "process_failed_to_decrypt":"0", "process_pending_decryption":"0", "process_success":"1", "total":"1"}}
{"logTime": "0412/182022", "correlationVector":"3CD3/nEqTrPUzsk5owxnO1.3","action":"GetUpdates Response", "result":"Success", "context":Received 1 update(s). cV=3CD3/nEqTrPUzsk5owxnO1.0;server=akswtt000000009;cloudType=Consumer;environment=Prod_germanywestcentral_prod-s01-010-eur-germanywestcentral;migrationStage=NotStarted}
{"logTime": "0412/182022", "correlationVector":"MnvMly7gtxPnDFFzv5zk/W","action":"Commit Request", "result":"", "context":Item count: 15
Contributing types: Bookmarks, Sessions, Device Info, User Consents}
{"logTime": "0412/182024", "correlationVector":"MnvMly7gtxPnDFFzv5zk/W.1","action":"SyncServerConnectionManagerRequest", "result":"SYNC_SERVER_OK", "context":{"environment":"Prod_germanywestcentral_prod-s01-010-eur-germanywestcentral", "migrationStage":"NotStarted", "server":"akswtt00000000i"}}
{"logTime": "0412/182024", "correlationVector":"MnvMly7gtxPnDFFzv5zk/W.2","action":"Commit Response", "result":"Success", "context":Result: Success. cV=MnvMly7gtxPnDFFzv5zk/W.0;server=akswtt00000000i;cloudType=Consumer;environment=Prod_germanywestcentral_prod-s01-010-eur-germanywestcentral;migrationStage=NotStarted}
{"logTime": "0412/182024", "correlationVector":"5S58lk9PX/F+601GILKW6F","action":"SyncServerConnectionManagerRequest", "result":"SYNC_SERVER_ERROR", "context":{"environment":"", "error_type":"http_status_code", "error_value":"400", "migrationStage":"", "server":""}}
{"logTime": "0412/182024", "correlationVector":"nzMkGBom4s7gXmj8nY+Ziw","action":"Normal GetUpdate request", "result":"", "context":cV=nzMkGBom4s7gXmj8nY+Ziw
Nudged types: Sessions, Device Info
Refresh requested types: Encryption Keys}
