{"logTime": "0412/181915", "correlationVector":"eRb0zzl8abIXX2ITN14GCz","action":"SyncServerConnectionManagerRequest", "result":"CONNECTION_UNAVAILABLE", "context":{"error_type":"net_error_code", "error_value":"-101"}}
{"logTime": "0412/181915", "correlationVector":"MJifrNuHb2TxspdDVpW3l9.1","action":"SyncServerConnectionManagerRequest", "result":"SYNC_SERVER_OK", "context":{"environment":"", "migrationStage":"", "server":""}}
{"logTime": "0412/181915", "correlationVector":"MJifrNuHb2TxspdDVpW3l9.2","action":"EncryptionKeysFetcher.DownloadKeys:", "result":"Success", "context":Key count: 10, Last key timestamp: 2025-10-21T13:20:43Z}
{"logTime": "0412/181915", "correlationVector":"MJifrNuHb2TxspdDVpW3l9.3","action":"EncryptionKeysManager::SetEncryptionKeys:", "result":"Success", "context":Key names[10]:[mRRis6GydNBoHgiRAjfsCuXYL6gfzCXL0Zmx05HL6h3zEyVXfJ5qA/oklGeAZJPj3cvJIWZlpzl5fMaFn169mg==][iN7F3/zYnEdmgZFZ8StERq0mRAW6yqkC6cXQqhqCKyN9GDZ/CDDZQJlFsAPmK2vu3tEFapTik3CRfplFBAtOmA==][TPPmG+pYqBUREsjXNKuu5P3hbRx+Do2XDRx1/EgPgRFPG7cgS0dkHN/vXZG2kKOCOfU0H6DvqFUnZB/F5EhqjA==][7PCLqON5ceqVly7E3Sex0IHWFSH4bOhsT1eeDiXGoDN/pwvVm2OHhDFehYwi0jbhbknKwz/eEnb7Te1hQXVWuw==][gWEGJrMuUHIvencySDTQKK8aS0/JuyuCzrch8MsTUFa0qcas4R5aftjUjDQaHxJTTTeZoF8dXV8M8PSQtgs2Pw==][M0eXpPAQD5+eP3oM3ENgJiRR+szaI90nORz2MttdbI0RSfd1dREej9uEbvk+gf0jpPT1uKcdf7F2/BkVHPEY4w==][AJCygKfiPzC7RnBLA+NmbnVxSxEq2wl5IzgE7E95z/5p627SCAWBzeyAZQd1h2YndIM+3ndEne1vhVfzOELE+A==][IwdEjqujhZc6pVN7j+Q79MSEJtewmbdI+WYYRQQaA59uHiX11XLT1/tV9XcxsOvmwuzG6m7789RaMNAIzTIfKw==][326H894nZCuF+s/3Uo3UisTG3GN9AY1wh9MpEQRld5et58v5yIrkumxytn9FElxtlOEEgrLELA5bsj9CYpxxhg==][O5fSdzQfq+R3GsYhYsRWsJZqRp3Pr8C4U/89OaKk4bMubS6lux46Zqs6HSfoeVGxlNAhbrAFfatvvj9RHVe5ng==]}
{"logTime": "0412/181915", "correlationVector":"MJifrNuHb2TxspdDVpW3l9.4","action":"EncryptionKeysManager::SetEncryptionKeysWithTimestamps:", "result":"Success", "context":Key timestamps[10]:[2022-10-21T19:44:53Z][2023-03-20T07:44:40Z][2023-09-17T01:38:25Z][2023-10-20T16:27:21Z][2024-01-08T16:58:17Z][2024-02-23T11:19:39Z][2024-06-11T11:31:33Z][2024-10-25T07:11:56Z][2025-04-23T12:39:07Z][2025-10-21T13:20:43Z]}
{"logTime": "0412/181917", "correlationVector":"u9SVhXf6RVbLvX5F9N8ZZ1.1","action":"SyncServerConnectionManagerRequest", "result":"SYNC_SERVER_OK", "context":{"environment":"Prod_germanywestcentral_prod-s01-010-eur-germanywestcentral", "migrationStage":"NotStarted", "server":"akswtt00000000d"}}
{"logTime": "0412/181917", "correlationVector":"u9SVhXf6RVbLvX5F9N8ZZ1.2","action":"ProcessGetUpdates", "result":"Done", "context":{"dataType":"Encryption Keys", "deleted":"0", "process_failed_to_decrypt":"0", "process_pending_decryption":"0", "process_success":"1", "total":"1"}}
{"logTime": "0412/181917", "correlationVector":"eRb0zzl8abIXX2ITN14GCz","action":"Initial GetUpdates", "result":"", "context":Reason: NEW_CLIENT. cV=eRb0zzl8abIXX2ITN14GCz}
{"logTime": "0412/181917", "correlationVector":"MJifrNuHb2TxspdDVpW3l9.0","action":"GetUpdates Response", "result":"Network error (ERR_CONNECTION_RESET)", "context":Received error: Network error (ERR_CONNECTION_RESET). }
{"logTime": "0412/181917", "correlationVector":"u9SVhXf6RVbLvX5F9N8ZZ1","action":"Initial GetUpdates", "result":"", "context":Reason: NEW_CLIENT. cV=u9SVhXf6RVbLvX5F9N8ZZ1}
{"logTime": "0412/181917", "correlationVector":"u9SVhXf6RVbLvX5F9N8ZZ1.3","action":"GetUpdates Response", "result":"Success", "context":Received 1 update(s). cV=u9SVhXf6RVbLvX5F9N8ZZ1.0;server=akswtt00000000d;cloudType=Consumer;environment=Prod_germanywestcentral_prod-s01-010-eur-germanywestcentral;migrationStage=NotStarted}
{"logTime": "0412/181917", "correlationVector":"2Yzz6osRzzeCzzirY4+8ov","action":"Initial GetUpdates", "result":"", "context":Reason: NEW_CLIENT. cV=2Yzz6osRzzeCzzirY4+8ov}
{"logTime": "0412/181918", "correlationVector":"2Yzz6osRzzeCzzirY4+8ov.1","action":"SyncServerConnectionManagerRequest", "result":"SYNC_SERVER_OK", "context":{"environment":"Prod_germanywestcentral_prod-s01-010-eur-germanywestcentral", "migrationStage":"NotStarted", "server":"akswtt00000000f"}}
{"logTime": "0412/181918", "correlationVector":"2Yzz6osRzzeCzzirY4+8ov.2","action":"ProcessGetUpdates", "result":"Done", "context":{"dataType":"Preferences", "deleted":"0", "process_failed_to_decrypt":"0", "process_pending_decryption":"0", "process_success":"99", "total":"99"}}
{"logTime": "0412/181918", "correlationVector":"2Yzz6osRzzeCzzirY4+8ov.3","action":"ProcessGetUpdates", "result":"Done", "context":{"dataType":"Passwords", "deleted":"0", "process_failed_to_decrypt":"0", "process_pending_decryption":"0", "process_success":"131", "total":"131"}}
{"logTime": "0412/181918", "correlationVector":"2Yzz6osRzzeCzzirY4+8ov.4","action":"ProcessGetUpdates", "result":"Done", "context":{"dataType":"Device Info", "deleted":"0", "process_failed_to_decrypt":"0", "process_pending_decryption":"0", "process_success":"18", "total":"18"}}
{"logTime": "0412/181918", "correlationVector":"2Yzz6osRzzeCzzirY4+8ov.5","action":"GetUpdates Response", "result":"Success", "context":Received 248 update(s). cV=2Yzz6osRzzeCzzirY4+8ov.0;server=akswtt00000000f;cloudType=Consumer;environment=Prod_germanywestcentral_prod-s01-010-eur-germanywestcentral;migrationStage=NotStarted Some updates remain.}
{"logTime": "0412/181918", "correlationVector":"TCPV+A5sCE481AWKN2lueT","action":"Initial GetUpdates", "result":"", "context":Reason: NEW_CLIENT. cV=TCPV+A5sCE481AWKN2lueT}
{"logTime": "0412/181919", "correlationVector":"TCPV+A5sCE481AWKN2lueT.1","action":"SyncServerConnectionManagerRequest", "result":"SYNC_SERVER_OK", "context":{"environment":"Prod_germanywestcentral_prod-s01-010-eur-germanywestcentral", "migrationStage":"NotStarted", "server":"akswtt00000000h"}}
{"logTime": "0412/181919", "correlationVector":"TCPV+A5sCE481AWKN2lueT.2","action":"ProcessGetUpdates", "result":"Done", "context":{"dataType":"Passwords", "deleted":"0", "process_failed_to_decrypt":"0", "process_pending_decryption":"0", "process_success":"250", "total":"250"}}
{"logTime": "0412/181919", "correlationVector":"TCPV+A5sCE481AWKN2lueT.3","action":"GetUpdates Response", "result":"Success", "context":Received 250 update(s). cV=TCPV+A5sCE481AWKN2lueT.0;server=akswtt00000000h;cloudType=Consumer;environment=Prod_germanywestcentral_prod-s01-010-eur-germanywestcentral;migrationStage=NotStarted Some updates remain.}
{"logTime": "0412/181919", "correlationVector":"7kIVmwBArfJQmO9XlgK8ny","action":"Initial GetUpdates", "result":"", "context":Reason: NEW_CLIENT. cV=7kIVmwBArfJQmO9XlgK8ny}
{"logTime": "0412/181920", "correlationVector":"7kIVmwBArfJQmO9XlgK8ny.1","action":"SyncServerConnectionManagerRequest", "result":"SYNC_SERVER_OK", "context":{"environment":"Prod_germanywestcentral_prod-s01-010-eur-germanywestcentral", "migrationStage":"NotStarted", "server":"akswtt00000000i"}}
{"logTime": "0412/181920", "correlationVector":"7kIVmwBArfJQmO9XlgK8ny.2","action":"ProcessGetUpdates", "result":"Done", "context":{"dataType":"Passwords", "deleted":"0", "process_failed_to_decrypt":"0", "process_pending_decryption":"0", "process_success":"250", "total":"250"}}
{"logTime": "0412/181920", "correlationVector":"7kIVmwBArfJQmO9XlgK8ny.3","action":"GetUpdates Response", "result":"Success", "context":Received 250 update(s). cV=7kIVmwBArfJQmO9XlgK8ny.0;server=akswtt00000000i;cloudType=Consumer;environment=Prod_germanywestcentral_prod-s01-010-eur-germanywestcentral;migrationStage=NotStarted Some updates remain.}
{"logTime": "0412/181920", "correlationVector":"0iQ3YK3PblaQVleJenQG72","action":"Initial GetUpdates", "result":"", "context":Reason: NEW_CLIENT. cV=0iQ3YK3PblaQVleJenQG72}
{"logTime": "0412/181921", "correlationVector":"0iQ3YK3PblaQVleJenQG72.1","action":"SyncServerConnectionManagerRequest", "result":"SYNC_SERVER_OK", "context":{"environment":"Prod_germanywestcentral_prod-s01-010-eur-germanywestcentral", "migrationStage":"NotStarted", "server":"akswtt00000000h"}}
{"logTime": "0412/181921", "correlationVector":"0iQ3YK3PblaQVleJenQG72.2","action":"ProcessGetUpdates", "result":"Done", "context":{"dataType":"Passwords", "deleted":"0", "process_failed_to_decrypt":"0", "process_pending_decryption":"0", "process_success":"250", "total":"250"}}
{"logTime": "0412/181921", "correlationVector":"0iQ3YK3PblaQVleJenQG72.3","action":"GetUpdates Response", "result":"Success", "context":Received 250 update(s). cV=0iQ3YK3PblaQVleJenQG72.0;server=akswtt00000000h;cloudType=Consumer;environment=Prod_germanywestcentral_prod-s01-010-eur-germanywestcentral;migrationStage=NotStarted Some updates remain.}
{"logTime": "0412/181921", "correlationVector":"endRd2qY+nTN8gKOBj/zOL","action":"Initial GetUpdates", "result":"", "context":Reason: NEW_CLIENT. cV=endRd2qY+nTN8gKOBj/zOL}
{"logTime": "0412/181921", "correlationVector":"endRd2qY+nTN8gKOBj/zOL.1","action":"SyncServerConnectionManagerRequest", "result":"SYNC_SERVER_OK", "context":{"environment":"Prod_germanywestcentral_prod-s01-010-eur-germanywestcentral", "migrationStage":"NotStarted", "server":"akswtt00000000k"}}
{"logTime": "0412/181921", "correlationVector":"endRd2qY+nTN8gKOBj/zOL.2","action":"ProcessGetUpdates", "result":"Done", "context":{"dataType":"Passwords", "deleted":"0", "process_failed_to_decrypt":"0", "process_pending_decryption":"0", "process_success":"250", "total":"250"}}
{"logTime": "0412/181921", "correlationVector":"endRd2qY+nTN8gKOBj/zOL.3","action":"GetUpdates Response", "result":"Success", "context":Received 250 update(s). cV=endRd2qY+nTN8gKOBj/zOL.0;server=akswtt00000000k;cloudType=Consumer;environment=Prod_germanywestcentral_prod-s01-010-eur-germanywestcentral;migrationStage=NotStarted Some updates remain.}
{"logTime": "0412/181921", "correlationVector":"o6D92J1YhfXfhHiw3SR8QM","action":"Initial GetUpdates", "result":"", "context":Reason: NEW_CLIENT. cV=o6D92J1YhfXfhHiw3SR8QM}
{"logTime": "0412/181922", "correlationVector":"o6D92J1YhfXfhHiw3SR8QM.1","action":"SyncServerConnectionManagerRequest", "result":"SYNC_SERVER_OK", "context":{"environment":"Prod_germanywestcentral_prod-s01-010-eur-germanywestcentral", "migrationStage":"NotStarted", "server":"akswtt000000007"}}
{"logTime": "0412/181922", "correlationVector":"o6D92J1YhfXfhHiw3SR8QM.2","action":"ProcessGetUpdates", "result":"Done", "context":{"dataType":"Preferences", "deleted":"0", "process_failed_to_decrypt":"0", "process_pending_decryption":"0", "process_success":"5", "total":"5"}}
{"logTime": "0412/181922", "correlationVector":"o6D92J1YhfXfhHiw3SR8QM.3","action":"ProcessGetUpdates", "result":"Done", "context":{"dataType":"Passwords", "deleted":"0", "process_failed_to_decrypt":"0", "process_pending_decryption":"0", "process_success":"244", "total":"244"}}
{"logTime": "0412/181922", "correlationVector":"o6D92J1YhfXfhHiw3SR8QM.4","action":"ProcessGetUpdates", "result":"Done", "context":{"dataType":"Device Info", "deleted":"0", "process_failed_to_decrypt":"0", "process_pending_decryption":"0", "process_success":"1", "total":"1"}}
{"logTime": "0412/181922", "correlationVector":"o6D92J1YhfXfhHiw3SR8QM.5","action":"GetUpdates Response", "result":"Success", "context":Received 250 update(s). cV=o6D92J1YhfXfhHiw3SR8QM.0;server=akswtt000000007;cloudType=Consumer;environment=Prod_germanywestcentral_prod-s01-010-eur-germanywestcentral;migrationStage=NotStarted Some updates remain.}
{"logTime": "0412/181922", "correlationVector":"rj1MiA+VdsVFFWE9Qyju51","action":"Initial GetUpdates", "result":"", "context":Reason: NEW_CLIENT. cV=rj1MiA+VdsVFFWE9Qyju51}
{"logTime": "0412/181922", "correlationVector":"rj1MiA+VdsVFFWE9Qyju51.1","action":"SyncServerConnectionManagerRequest", "result":"SYNC_SERVER_OK", "context":{"environment":"Prod_germanywestcentral_prod-s01-010-eur-germanywestcentral", "migrationStage":"NotStarted", "server":"akswtt000000008"}}
{"logTime": "0412/181922", "correlationVector":"rj1MiA+VdsVFFWE9Qyju51.2","action":"ProcessGetUpdates", "result":"Done", "context":{"dataType":"Preferences", "deleted":"0", "process_failed_to_decrypt":"0", "process_pending_decryption":"0", "process_success":"19", "total":"19"}}
{"logTime": "0412/181922", "correlationVector":"rj1MiA+VdsVFFWE9Qyju51.3","action":"ProcessGetUpdates", "result":"Done", "context":{"dataType":"Passwords", "deleted":"0", "process_failed_to_decrypt":"0", "process_pending_decryption":"0", "process_success":"153", "total":"153"}}
{"logTime": "0412/181922", "correlationVector":"rj1MiA+VdsVFFWE9Qyju51.4","action":"ProcessGetUpdates", "result":"Done", "context":{"dataType":"Device Info", "deleted":"0", "process_failed_to_decrypt":"0", "process_pending_decryption":"0", "process_success":"1", "total":"1"}}
{"logTime": "0412/181922", "correlationVector":"rj1MiA+VdsVFFWE9Qyju51.5","action":"GetUpdates Response", "result":"Success", "context":Received 173 update(s). cV=rj1MiA+VdsVFFWE9Qyju51.0;server=akswtt000000008;cloudType=Consumer;environment=Prod_germanywestcentral_prod-s01-010-eur-germanywestcentral;migrationStage=NotStarted}
{"logTime": "0412/181922", "correlationVector":"ZkXsciHG/DSXlA8UlvgKBC","action":"Initial GetUpdates", "result":"", "context":Reason: NEW_CLIENT. cV=ZkXsciHG/DSXlA8UlvgKBC}
{"logTime": "0412/181923", "correlationVector":"ZkXsciHG/DSXlA8UlvgKBC.1","action":"SyncServerConnectionManagerRequest", "result":"SYNC_SERVER_OK", "context":{"environment":"Prod_germanywestcentral_prod-s01-010-eur-germanywestcentral", "migrationStage":"NotStarted", "server":"akswtt00000000a"}}
{"logTime": "0412/181923", "correlationVector":"ZkXsciHG/DSXlA8UlvgKBC.2","action":"ProcessGetUpdates", "result":"Done", "context":{"dataType":"Bookmarks", "deleted":"0", "process_failed_to_decrypt":"0", "process_pending_decryption":"0", "process_success":"253", "total":"253"}}
{"logTime": "0412/181923", "correlationVector":"ZkXsciHG/DSXlA8UlvgKBC.3","action":"GetUpdates Response", "result":"Success", "context":Received 253 update(s). cV=ZkXsciHG/DSXlA8UlvgKBC.0;server=akswtt00000000a;cloudType=Consumer;environment=Prod_germanywestcentral_prod-s01-010-eur-germanywestcentral;migrationStage=NotStarted Some updates remain.}
{"logTime": "0412/181923", "correlationVector":"RcDeEaiZb43McR25axpUZl","action":"Initial GetUpdates", "result":"", "context":Reason: NEW_CLIENT. cV=RcDeEaiZb43McR25axpUZl}
{"logTime": "0412/181924", "correlationVector":"RcDeEaiZb43McR25axpUZl.1","action":"SyncServerConnectionManagerRequest", "result":"SYNC_SERVER_OK", "context":{"environment":"Prod_germanywestcentral_prod-s01-010-eur-germanywestcentral", "migrationStage":"NotStarted", "server":"akswtt000000008"}}
{"logTime": "0412/181924", "correlationVector":"RcDeEaiZb43McR25axpUZl.2","action":"ProcessGetUpdates", "result":"Done", "context":{"dataType":"Bookmarks", "deleted":"0", "process_failed_to_decrypt":"0", "process_pending_decryption":"0", "process_success":"255", "total":"255"}}
{"logTime": "0412/181924", "correlationVector":"RcDeEaiZb43McR25axpUZl.3","action":"GetUpdates Response", "result":"Success", "context":Received 255 update(s). cV=RcDeEaiZb43McR25axpUZl.0;server=akswtt000000008;cloudType=Consumer;environment=Prod_germanywestcentral_prod-s01-010-eur-germanywestcentral;migrationStage=NotStarted Some updates remain.}
{"logTime": "0412/181924", "correlationVector":"rAJ+RTeSeNuMspYJ4QGsda","action":"Initial GetUpdates", "result":"", "context":Reason: NEW_CLIENT. cV=rAJ+RTeSeNuMspYJ4QGsda}
{"logTime": "0412/181925", "correlationVector":"rAJ+RTeSeNuMspYJ4QGsda.1","action":"SyncServerConnectionManagerRequest", "result":"SYNC_SERVER_OK", "context":{"environment":"Prod_germanywestcentral_prod-s01-010-eur-germanywestcentral", "migrationStage":"NotStarted", "server":"akswtt00000000f"}}
{"logTime": "0412/181925", "correlationVector":"rAJ+RTeSeNuMspYJ4QGsda.2","action":"ProcessGetUpdates", "result":"Done", "context":{"dataType":"Bookmarks", "deleted":"0", "process_failed_to_decrypt":"0", "process_pending_decryption":"0", "process_success":"250", "total":"250"}}
{"logTime": "0412/181925", "correlationVector":"rAJ+RTeSeNuMspYJ4QGsda.3","action":"GetUpdates Response", "result":"Success", "context":Received 250 update(s). cV=rAJ+RTeSeNuMspYJ4QGsda.0;server=akswtt00000000f;cloudType=Consumer;environment=Prod_germanywestcentral_prod-s01-010-eur-germanywestcentral;migrationStage=NotStarted Some updates remain.}
{"logTime": "0412/181925", "correlationVector":"nNOiuaaOgYSmOUbgqJ7wAU","action":"Initial GetUpdates", "result":"", "context":Reason: NEW_CLIENT. cV=nNOiuaaOgYSmOUbgqJ7wAU}
{"logTime": "0412/181925", "correlationVector":"nNOiuaaOgYSmOUbgqJ7wAU.1","action":"SyncServerConnectionManagerRequest", "result":"SYNC_SERVER_OK", "context":{"environment":"Prod_germanywestcentral_prod-s01-010-eur-germanywestcentral", "migrationStage":"NotStarted", "server":"akswtt00000000h"}}
{"logTime": "0412/181925", "correlationVector":"nNOiuaaOgYSmOUbgqJ7wAU.2","action":"ProcessGetUpdates", "result":"Done", "context":{"dataType":"Bookmarks", "deleted":"0", "process_failed_to_decrypt":"0", "process_pending_decryption":"0", "process_success":"250", "total":"250"}}
{"logTime": "0412/181925", "correlationVector":"nNOiuaaOgYSmOUbgqJ7wAU.3","action":"GetUpdates Response", "result":"Success", "context":Received 250 update(s). cV=nNOiuaaOgYSmOUbgqJ7wAU.0;server=akswtt00000000h;cloudType=Consumer;environment=Prod_germanywestcentral_prod-s01-010-eur-germanywestcentral;migrationStage=NotStarted Some updates remain.}
{"logTime": "0412/181925", "correlationVector":"lCWBpOsBqbOAWhn5zX7cX4","action":"Initial GetUpdates", "result":"", "context":Reason: NEW_CLIENT. cV=lCWBpOsBqbOAWhn5zX7cX4}
{"logTime": "0412/181926", "correlationVector":"lCWBpOsBqbOAWhn5zX7cX4.1","action":"SyncServerConnectionManagerRequest", "result":"SYNC_SERVER_OK", "context":{"environment":"Prod_germanywestcentral_prod-s01-010-eur-germanywestcentral", "migrationStage":"NotStarted", "server":"akswtt00000000n"}}
{"logTime": "0412/181926", "correlationVector":"lCWBpOsBqbOAWhn5zX7cX4.2","action":"ProcessGetUpdates", "result":"Done", "context":{"dataType":"Bookmarks", "deleted":"0", "process_failed_to_decrypt":"0", "process_pending_decryption":"0", "process_success":"250", "total":"250"}}
{"logTime": "0412/181926", "correlationVector":"lCWBpOsBqbOAWhn5zX7cX4.3","action":"GetUpdates Response", "result":"Success", "context":Received 250 update(s). cV=lCWBpOsBqbOAWhn5zX7cX4.0;server=akswtt00000000n;cloudType=Consumer;environment=Prod_germanywestcentral_prod-s01-010-eur-germanywestcentral;migrationStage=NotStarted Some updates remain.}
{"logTime": "0412/181926", "correlationVector":"bsHu7gNpohRewjT87QkBi2","action":"Initial GetUpdates", "result":"", "context":Reason: NEW_CLIENT. cV=bsHu7gNpohRewjT87QkBi2}
{"logTime": "0412/181927", "correlationVector":"bsHu7gNpohRewjT87QkBi2.1","action":"SyncServerConnectionManagerRequest", "result":"SYNC_SERVER_OK", "context":{"environment":"Prod_germanywestcentral_prod-s01-010-eur-germanywestcentral", "migrationStage":"NotStarted", "server":"akswtt00000000i"}}
{"logTime": "0412/181927", "correlationVector":"bsHu7gNpohRewjT87QkBi2.2","action":"ProcessGetUpdates", "result":"Done", "context":{"dataType":"Bookmarks", "deleted":"0", "process_failed_to_decrypt":"0", "process_pending_decryption":"0", "process_success":"250", "total":"250"}}
{"logTime": "0412/181927", "correlationVector":"bsHu7gNpohRewjT87QkBi2.3","action":"GetUpdates Response", "result":"Success", "context":Received 250 update(s). cV=bsHu7gNpohRewjT87QkBi2.0;server=akswtt00000000i;cloudType=Consumer;environment=Prod_germanywestcentral_prod-s01-010-eur-germanywestcentral;migrationStage=NotStarted Some updates remain.}
{"logTime": "0412/181927", "correlationVector":"GmZB5rRpMNRQqjID/H3yl8","action":"Initial GetUpdates", "result":"", "context":Reason: NEW_CLIENT. cV=GmZB5rRpMNRQqjID/H3yl8}
{"logTime": "0412/181927", "correlationVector":"GmZB5rRpMNRQqjID/H3yl8.1","action":"SyncServerConnectionManagerRequest", "result":"SYNC_SERVER_OK", "context":{"environment":"Prod_germanywestcentral_prod-s01-010-eur-germanywestcentral", "migrationStage":"NotStarted", "server":"akswtt00000000n"}}
{"logTime": "0412/181927", "correlationVector":"GmZB5rRpMNRQqjID/H3yl8.2","action":"ProcessGetUpdates", "result":"Done", "context":{"dataType":"Bookmarks", "deleted":"0", "process_failed_to_decrypt":"0", "process_pending_decryption":"0", "process_success":"250", "total":"250"}}
{"logTime": "0412/181927", "correlationVector":"GmZB5rRpMNRQqjID/H3yl8.3","action":"GetUpdates Response", "result":"Success", "context":Received 250 update(s). cV=GmZB5rRpMNRQqjID/H3yl8.0;server=akswtt00000000n;cloudType=Consumer;environment=Prod_germanywestcentral_prod-s01-010-eur-germanywestcentral;migrationStage=NotStarted Some updates remain.}
{"logTime": "0412/181927", "correlationVector":"pnaS1wuICnNkwKEx6bLNGK","action":"Initial GetUpdates", "result":"", "context":Reason: NEW_CLIENT. cV=pnaS1wuICnNkwKEx6bLNGK}
{"logTime": "0412/181928", "correlationVector":"pnaS1wuICnNkwKEx6bLNGK.1","action":"SyncServerConnectionManagerRequest", "result":"SYNC_SERVER_OK", "context":{"environment":"Prod_germanywestcentral_prod-s01-010-eur-germanywestcentral", "migrationStage":"NotStarted", "server":"akswtt00000000k"}}
{"logTime": "0412/181928", "correlationVector":"pnaS1wuICnNkwKEx6bLNGK.2","action":"ProcessGetUpdates", "result":"Done", "context":{"dataType":"Bookmarks", "deleted":"0", "process_failed_to_decrypt":"0", "process_pending_decryption":"0", "process_success":"212", "total":"212"}}
{"logTime": "0412/181928", "correlationVector":"pnaS1wuICnNkwKEx6bLNGK.3","action":"GetUpdates Response", "result":"Success", "context":Received 212 update(s). cV=pnaS1wuICnNkwKEx6bLNGK.0;server=akswtt00000000k;cloudType=Consumer;environment=Prod_germanywestcentral_prod-s01-010-eur-germanywestcentral;migrationStage=NotStarted}
{"logTime": "0412/181930", "correlationVector":"EzE2zH93yDAwd5m1t9RBCL","action":"Initial GetUpdates", "result":"", "context":Reason: NEW_CLIENT. cV=EzE2zH93yDAwd5m1t9RBCL}
{"logTime": "0412/181931", "correlationVector":"EzE2zH93yDAwd5m1t9RBCL.1","action":"SyncServerConnectionManagerRequest", "result":"SYNC_SERVER_OK", "context":{"environment":"Prod_germanywestcentral_prod-s01-010-eur-germanywestcentral", "migrationStage":"NotStarted", "server":"akswtt000000007"}}
{"logTime": "0412/181931", "correlationVector":"EzE2zH93yDAwd5m1t9RBCL.2","action":"ProcessGetUpdates", "result":"Done", "context":{"dataType":"Autofill Profiles", "deleted":"0", "process_failed_to_decrypt":"0", "process_pending_decryption":"0", "process_success":"4", "total":"4"}}
{"logTime": "0412/181931", "correlationVector":"EzE2zH93yDAwd5m1t9RBCL.3","action":"ProcessGetUpdates", "result":"Done", "context":{"dataType":"Autofill", "deleted":"0", "process_failed_to_decrypt":"0", "process_pending_decryption":"0", "process_success":"189", "total":"189"}}
{"logTime": "0412/181931", "correlationVector":"EzE2zH93yDAwd5m1t9RBCL.4","action":"ProcessGetUpdates", "result":"Done", "context":{"dataType":"Extensions", "deleted":"0", "process_failed_to_decrypt":"0", "process_pending_decryption":"0", "process_success":"28", "total":"28"}}
{"logTime": "0412/181931", "correlationVector":"EzE2zH93yDAwd5m1t9RBCL.5","action":"ProcessGetUpdates", "result":"Done", "context":{"dataType":"Extension settings", "deleted":"0", "process_failed_to_decrypt":"0", "process_pending_decryption":"0", "process_success":"27", "total":"27"}}
{"logTime": "0412/181931", "correlationVector":"EzE2zH93yDAwd5m1t9RBCL.6","action":"ProcessGetUpdates", "result":"Done", "context":{"dataType":"Web Apps", "deleted":"0", "process_failed_to_decrypt":"0", "process_pending_decryption":"0", "process_success":"2", "total":"2"}}
{"logTime": "0412/181931", "correlationVector":"EzE2zH93yDAwd5m1t9RBCL.7","action":"GetUpdates Response", "result":"Success", "context":Received 250 update(s). cV=EzE2zH93yDAwd5m1t9RBCL.0;server=akswtt000000007;cloudType=Consumer;environment=Prod_germanywestcentral_prod-s01-010-eur-germanywestcentral;migrationStage=NotStarted Some updates remain.}
{"logTime": "0412/181931", "correlationVector":"9z2tIfs5UIaCP6dsF7n+A6","action":"Initial GetUpdates", "result":"", "context":Reason: NEW_CLIENT. cV=9z2tIfs5UIaCP6dsF7n+A6}
